<?xml version="1.0" encoding="UTF-8"?>
<testsuite xmlns:xsi="http://www.w3.org/2001/XMLSchema-instance" xsi:noNamespaceSchemaLocation="https://maven.apache.org/surefire/maven-surefire-plugin/xsd/surefire-test-report.xsd" name="com.dabaotv.vip.parse.ParseApplicationTests" time="13.502" tests="1" errors="0" skipped="0" failures="0">
  <properties>
    <property name="sun.desktop" value="windows"/>
    <property name="awt.toolkit" value="sun.awt.windows.WToolkit"/>
    <property name="file.encoding.pkg" value="sun.io"/>
    <property name="java.specification.version" value="1.8"/>
    <property name="sun.cpu.isalist" value="amd64"/>
    <property name="sun.jnu.encoding" value="GBK"/>
    <property name="java.class.path" value="C:\Users\xiaofei\Documents\Tencent Files\885723071\FileRecv\MobileFile\videoParse\target\test-classes;C:\Users\xiaofei\Documents\Tencent Files\885723071\FileRecv\MobileFile\videoParse\target\classes;D:\MavenRep\IciticRep\org\springframework\boot\spring-boot-starter-jdbc\2.3.1.RELEASE\spring-boot-starter-jdbc-2.3.1.RELEASE.jar;D:\MavenRep\IciticRep\org\springframework\boot\spring-boot-starter\2.3.1.RELEASE\spring-boot-starter-2.3.1.RELEASE.jar;D:\MavenRep\IciticRep\org\springframework\boot\spring-boot\2.3.1.RELEASE\spring-boot-2.3.1.RELEASE.jar;D:\MavenRep\IciticRep\org\springframework\boot\spring-boot-autoconfigure\2.3.1.RELEASE\spring-boot-autoconfigure-2.3.1.RELEASE.jar;D:\MavenRep\IciticRep\org\springframework\boot\spring-boot-starter-logging\2.3.1.RELEASE\spring-boot-starter-logging-2.3.1.RELEASE.jar;D:\MavenRep\IciticRep\ch\qos\logback\logback-classic\1.2.3\logback-classic-1.2.3.jar;D:\MavenRep\IciticRep\ch\qos\logback\logback-core\1.2.3\logback-core-1.2.3.jar;D:\MavenRep\IciticRep\org\apache\logging\log4j\log4j-to-slf4j\2.13.3\log4j-to-slf4j-2.13.3.jar;D:\MavenRep\IciticRep\org\apache\logging\log4j\log4j-api\2.13.3\log4j-api-2.13.3.jar;D:\MavenRep\IciticRep\org\slf4j\jul-to-slf4j\1.7.30\jul-to-slf4j-1.7.30.jar;D:\MavenRep\IciticRep\jakarta\annotation\jakarta.annotation-api\1.3.5\jakarta.annotation-api-1.3.5.jar;D:\MavenRep\IciticRep\org\yaml\snakeyaml\1.26\snakeyaml-1.26.jar;D:\MavenRep\IciticRep\com\zaxxer\HikariCP\3.4.5\HikariCP-3.4.5.jar;D:\MavenRep\IciticRep\org\slf4j\slf4j-api\1.7.30\slf4j-api-1.7.30.jar;D:\MavenRep\IciticRep\org\springframework\spring-jdbc\5.2.7.RELEASE\spring-jdbc-5.2.7.RELEASE.jar;D:\MavenRep\IciticRep\org\springframework\spring-beans\5.2.7.RELEASE\spring-beans-5.2.7.RELEASE.jar;D:\MavenRep\IciticRep\org\springframework\spring-tx\5.2.7.RELEASE\spring-tx-5.2.7.RELEASE.jar;D:\MavenRep\IciticRep\org\springframework\boot\spring-boot-starter-web\2.3.1.RELEASE\spring-boot-starter-web-2.3.1.RELEASE.jar;D:\MavenRep\IciticRep\org\springframework\boot\spring-boot-starter-json\2.3.1.RELEASE\spring-boot-starter-json-2.3.1.RELEASE.jar;D:\MavenRep\IciticRep\com\fasterxml\jackson\core\jackson-databind\2.11.0\jackson-databind-2.11.0.jar;D:\MavenRep\IciticRep\com\fasterxml\jackson\core\jackson-annotations\2.11.0\jackson-annotations-2.11.0.jar;D:\MavenRep\IciticRep\com\fasterxml\jackson\core\jackson-core\2.11.0\jackson-core-2.11.0.jar;D:\MavenRep\IciticRep\com\fasterxml\jackson\datatype\jackson-datatype-jdk8\2.11.0\jackson-datatype-jdk8-2.11.0.jar;D:\MavenRep\IciticRep\com\fasterxml\jackson\datatype\jackson-datatype-jsr310\2.11.0\jackson-datatype-jsr310-2.11.0.jar;D:\MavenRep\IciticRep\com\fasterxml\jackson\module\jackson-module-parameter-names\2.11.0\jackson-module-parameter-names-2.11.0.jar;D:\MavenRep\IciticRep\org\springframework\boot\spring-boot-starter-tomcat\2.3.1.RELEASE\spring-boot-starter-tomcat-2.3.1.RELEASE.jar;D:\MavenRep\IciticRep\org\apache\tomcat\embed\tomcat-embed-core\9.0.36\tomcat-embed-core-9.0.36.jar;D:\MavenRep\IciticRep\org\glassfish\jakarta.el\3.0.3\jakarta.el-3.0.3.jar;D:\MavenRep\IciticRep\org\apache\tomcat\embed\tomcat-embed-websocket\9.0.36\tomcat-embed-websocket-9.0.36.jar;D:\MavenRep\IciticRep\org\springframework\spring-web\5.2.7.RELEASE\spring-web-5.2.7.RELEASE.jar;D:\MavenRep\IciticRep\org\springframework\spring-webmvc\5.2.7.RELEASE\spring-webmvc-5.2.7.RELEASE.jar;D:\MavenRep\IciticRep\org\springframework\spring-aop\5.2.7.RELEASE\spring-aop-5.2.7.RELEASE.jar;D:\MavenRep\IciticRep\org\springframework\spring-context\5.2.7.RELEASE\spring-context-5.2.7.RELEASE.jar;D:\MavenRep\IciticRep\org\springframework\spring-expression\5.2.7.RELEASE\spring-expression-5.2.7.RELEASE.jar;D:\MavenRep\IciticRep\org\projectlombok\lombok\1.18.12\lombok-1.18.12.jar;D:\MavenRep\IciticRep\mysql\mysql-connector-java\8.0.20\mysql-connector-java-8.0.20.jar;D:\MavenRep\IciticRep\com\alibaba\fastjson\1.2.15\fastjson-1.2.15.jar;D:\MavenRep\IciticRep\com\qiniu\qiniu-java-sdk\7.2.27\qiniu-java-sdk-7.2.27.jar;D:\MavenRep\IciticRep\com\squareup\okhttp3\okhttp\3.14.9\okhttp-3.14.9.jar;D:\MavenRep\IciticRep\com\squareup\okio\okio\1.17.2\okio-1.17.2.jar;D:\MavenRep\IciticRep\com\google\code\gson\gson\2.8.6\gson-2.8.6.jar;D:\MavenRep\IciticRep\org\apache\httpcomponents\httpclient\4.5.1\httpclient-4.5.1.jar;D:\MavenRep\IciticRep\commons-codec\commons-codec\1.14\commons-codec-1.14.jar;D:\MavenRep\IciticRep\commons-io\commons-io\2.4\commons-io-2.4.jar;D:\MavenRep\IciticRep\org\apache\commons\commons-pool2\2.8.0\commons-pool2-2.8.0.jar;D:\MavenRep\IciticRep\org\apache\httpcomponents\httpcore\4.4.1\httpcore-4.4.1.jar;D:\MavenRep\IciticRep\org\springframework\boot\spring-boot-starter-test\2.3.1.RELEASE\spring-boot-starter-test-2.3.1.RELEASE.jar;D:\MavenRep\IciticRep\org\springframework\boot\spring-boot-test\2.3.1.RELEASE\spring-boot-test-2.3.1.RELEASE.jar;D:\MavenRep\IciticRep\org\springframework\boot\spring-boot-test-autoconfigure\2.3.1.RELEASE\spring-boot-test-autoconfigure-2.3.1.RELEASE.jar;D:\MavenRep\IciticRep\com\jayway\jsonpath\json-path\2.4.0\json-path-2.4.0.jar;D:\MavenRep\IciticRep\net\minidev\json-smart\2.3\json-smart-2.3.jar;D:\MavenRep\IciticRep\net\minidev\accessors-smart\1.2\accessors-smart-1.2.jar;D:\MavenRep\IciticRep\org\ow2\asm\asm\5.0.4\asm-5.0.4.jar;D:\MavenRep\IciticRep\jakarta\xml\bind\jakarta.xml.bind-api\2.3.3\jakarta.xml.bind-api-2.3.3.jar;D:\MavenRep\IciticRep\jakarta\activation\jakarta.activation-api\1.2.2\jakarta.activation-api-1.2.2.jar;D:\MavenRep\IciticRep\org\assertj\assertj-core\3.16.1\assertj-core-3.16.1.jar;D:\MavenRep\IciticRep\org\hamcrest\hamcrest\2.2\hamcrest-2.2.jar;D:\MavenRep\IciticRep\org\junit\jupiter\junit-jupiter\5.6.2\junit-jupiter-5.6.2.jar;D:\MavenRep\IciticRep\org\junit\jupiter\junit-jupiter-api\5.6.2\junit-jupiter-api-5.6.2.jar;D:\MavenRep\IciticRep\org\apiguardian\apiguardian-api\1.1.0\apiguardian-api-1.1.0.jar;D:\MavenRep\IciticRep\org\opentest4j\opentest4j\1.2.0\opentest4j-1.2.0.jar;D:\MavenRep\IciticRep\org\junit\platform\junit-platform-commons\1.6.2\junit-platform-commons-1.6.2.jar;D:\MavenRep\IciticRep\org\junit\jupiter\junit-jupiter-params\5.6.2\junit-jupiter-params-5.6.2.jar;D:\MavenRep\IciticRep\org\junit\jupiter\junit-jupiter-engine\5.6.2\junit-jupiter-engine-5.6.2.jar;D:\MavenRep\IciticRep\org\junit\platform\junit-platform-engine\1.6.2\junit-platform-engine-1.6.2.jar;D:\MavenRep\IciticRep\org\mockito\mockito-core\3.3.3\mockito-core-3.3.3.jar;D:\MavenRep\IciticRep\net\bytebuddy\byte-buddy\1.10.11\byte-buddy-1.10.11.jar;D:\MavenRep\IciticRep\net\bytebuddy\byte-buddy-agent\1.10.11\byte-buddy-agent-1.10.11.jar;D:\MavenRep\IciticRep\org\objenesis\objenesis\2.6\objenesis-2.6.jar;D:\MavenRep\IciticRep\org\mockito\mockito-junit-jupiter\3.3.3\mockito-junit-jupiter-3.3.3.jar;D:\MavenRep\IciticRep\org\skyscreamer\jsonassert\1.5.0\jsonassert-1.5.0.jar;D:\MavenRep\IciticRep\com\vaadin\external\google\android-json\0.0.20131108.vaadin1\android-json-0.0.20131108.vaadin1.jar;D:\MavenRep\IciticRep\org\springframework\spring-core\5.2.7.RELEASE\spring-core-5.2.7.RELEASE.jar;D:\MavenRep\IciticRep\org\springframework\spring-jcl\5.2.7.RELEASE\spring-jcl-5.2.7.RELEASE.jar;D:\MavenRep\IciticRep\org\springframework\spring-test\5.2.7.RELEASE\spring-test-5.2.7.RELEASE.jar;D:\MavenRep\IciticRep\org\xmlunit\xmlunit-core\2.7.0\xmlunit-core-2.7.0.jar;D:\MavenRep\IciticRep\org\apache\commons\commons-lang3\3.9\commons-lang3-3.9.jar;D:\MavenRep\IciticRep\commons-lang\commons-lang\2.5\commons-lang-2.5.jar;"/>
    <property name="java.vm.vendor" value="Oracle Corporation"/>
    <property name="sun.arch.data.model" value="64"/>
    <property name="user.variant" value=""/>
    <property name="java.vendor.url" value="http://java.oracle.com/"/>
    <property name="user.timezone" value="Asia/Shanghai"/>
    <property name="java.vm.specification.version" value="1.8"/>
    <property name="os.name" value="Windows 10"/>
    <property name="user.country" value="CN"/>
    <property name="sun.java.launcher" value="SUN_STANDARD"/>
    <property name="sun.boot.library.path" value="D:\develop\Java\jdk1.8.0_202\jre\bin"/>
    <property name="sun.java.command" value="C:\Users\xiaofei\AppData\Local\Temp\surefire155103392532636427\surefirebooter5773954738163248799.jar C:\Users\xiaofei\AppData\Local\Temp\surefire155103392532636427 2020-07-23T23-21-17_151-jvmRun1 surefire6694432519896503087tmp surefire_02495943917741694179tmp"/>
    <property name="surefire.test.class.path" value="C:\Users\xiaofei\Documents\Tencent Files\885723071\FileRecv\MobileFile\videoParse\target\test-classes;C:\Users\xiaofei\Documents\Tencent Files\885723071\FileRecv\MobileFile\videoParse\target\classes;D:\MavenRep\IciticRep\org\springframework\boot\spring-boot-starter-jdbc\2.3.1.RELEASE\spring-boot-starter-jdbc-2.3.1.RELEASE.jar;D:\MavenRep\IciticRep\org\springframework\boot\spring-boot-starter\2.3.1.RELEASE\spring-boot-starter-2.3.1.RELEASE.jar;D:\MavenRep\IciticRep\org\springframework\boot\spring-boot\2.3.1.RELEASE\spring-boot-2.3.1.RELEASE.jar;D:\MavenRep\IciticRep\org\springframework\boot\spring-boot-autoconfigure\2.3.1.RELEASE\spring-boot-autoconfigure-2.3.1.RELEASE.jar;D:\MavenRep\IciticRep\org\springframework\boot\spring-boot-starter-logging\2.3.1.RELEASE\spring-boot-starter-logging-2.3.1.RELEASE.jar;D:\MavenRep\IciticRep\ch\qos\logback\logback-classic\1.2.3\logback-classic-1.2.3.jar;D:\MavenRep\IciticRep\ch\qos\logback\logback-core\1.2.3\logback-core-1.2.3.jar;D:\MavenRep\IciticRep\org\apache\logging\log4j\log4j-to-slf4j\2.13.3\log4j-to-slf4j-2.13.3.jar;D:\MavenRep\IciticRep\org\apache\logging\log4j\log4j-api\2.13.3\log4j-api-2.13.3.jar;D:\MavenRep\IciticRep\org\slf4j\jul-to-slf4j\1.7.30\jul-to-slf4j-1.7.30.jar;D:\MavenRep\IciticRep\jakarta\annotation\jakarta.annotation-api\1.3.5\jakarta.annotation-api-1.3.5.jar;D:\MavenRep\IciticRep\org\yaml\snakeyaml\1.26\snakeyaml-1.26.jar;D:\MavenRep\IciticRep\com\zaxxer\HikariCP\3.4.5\HikariCP-3.4.5.jar;D:\MavenRep\IciticRep\org\slf4j\slf4j-api\1.7.30\slf4j-api-1.7.30.jar;D:\MavenRep\IciticRep\org\springframework\spring-jdbc\5.2.7.RELEASE\spring-jdbc-5.2.7.RELEASE.jar;D:\MavenRep\IciticRep\org\springframework\spring-beans\5.2.7.RELEASE\spring-beans-5.2.7.RELEASE.jar;D:\MavenRep\IciticRep\org\springframework\spring-tx\5.2.7.RELEASE\spring-tx-5.2.7.RELEASE.jar;D:\MavenRep\IciticRep\org\springframework\boot\spring-boot-starter-web\2.3.1.RELEASE\spring-boot-starter-web-2.3.1.RELEASE.jar;D:\MavenRep\IciticRep\org\springframework\boot\spring-boot-starter-json\2.3.1.RELEASE\spring-boot-starter-json-2.3.1.RELEASE.jar;D:\MavenRep\IciticRep\com\fasterxml\jackson\core\jackson-databind\2.11.0\jackson-databind-2.11.0.jar;D:\MavenRep\IciticRep\com\fasterxml\jackson\core\jackson-annotations\2.11.0\jackson-annotations-2.11.0.jar;D:\MavenRep\IciticRep\com\fasterxml\jackson\core\jackson-core\2.11.0\jackson-core-2.11.0.jar;D:\MavenRep\IciticRep\com\fasterxml\jackson\datatype\jackson-datatype-jdk8\2.11.0\jackson-datatype-jdk8-2.11.0.jar;D:\MavenRep\IciticRep\com\fasterxml\jackson\datatype\jackson-datatype-jsr310\2.11.0\jackson-datatype-jsr310-2.11.0.jar;D:\MavenRep\IciticRep\com\fasterxml\jackson\module\jackson-module-parameter-names\2.11.0\jackson-module-parameter-names-2.11.0.jar;D:\MavenRep\IciticRep\org\springframework\boot\spring-boot-starter-tomcat\2.3.1.RELEASE\spring-boot-starter-tomcat-2.3.1.RELEASE.jar;D:\MavenRep\IciticRep\org\apache\tomcat\embed\tomcat-embed-core\9.0.36\tomcat-embed-core-9.0.36.jar;D:\MavenRep\IciticRep\org\glassfish\jakarta.el\3.0.3\jakarta.el-3.0.3.jar;D:\MavenRep\IciticRep\org\apache\tomcat\embed\tomcat-embed-websocket\9.0.36\tomcat-embed-websocket-9.0.36.jar;D:\MavenRep\IciticRep\org\springframework\spring-web\5.2.7.RELEASE\spring-web-5.2.7.RELEASE.jar;D:\MavenRep\IciticRep\org\springframework\spring-webmvc\5.2.7.RELEASE\spring-webmvc-5.2.7.RELEASE.jar;D:\MavenRep\IciticRep\org\springframework\spring-aop\5.2.7.RELEASE\spring-aop-5.2.7.RELEASE.jar;D:\MavenRep\IciticRep\org\springframework\spring-context\5.2.7.RELEASE\spring-context-5.2.7.RELEASE.jar;D:\MavenRep\IciticRep\org\springframework\spring-expression\5.2.7.RELEASE\spring-expression-5.2.7.RELEASE.jar;D:\MavenRep\IciticRep\org\projectlombok\lombok\1.18.12\lombok-1.18.12.jar;D:\MavenRep\IciticRep\mysql\mysql-connector-java\8.0.20\mysql-connector-java-8.0.20.jar;D:\MavenRep\IciticRep\com\alibaba\fastjson\1.2.15\fastjson-1.2.15.jar;D:\MavenRep\IciticRep\com\qiniu\qiniu-java-sdk\7.2.27\qiniu-java-sdk-7.2.27.jar;D:\MavenRep\IciticRep\com\squareup\okhttp3\okhttp\3.14.9\okhttp-3.14.9.jar;D:\MavenRep\IciticRep\com\squareup\okio\okio\1.17.2\okio-1.17.2.jar;D:\MavenRep\IciticRep\com\google\code\gson\gson\2.8.6\gson-2.8.6.jar;D:\MavenRep\IciticRep\org\apache\httpcomponents\httpclient\4.5.1\httpclient-4.5.1.jar;D:\MavenRep\IciticRep\commons-codec\commons-codec\1.14\commons-codec-1.14.jar;D:\MavenRep\IciticRep\commons-io\commons-io\2.4\commons-io-2.4.jar;D:\MavenRep\IciticRep\org\apache\commons\commons-pool2\2.8.0\commons-pool2-2.8.0.jar;D:\MavenRep\IciticRep\org\apache\httpcomponents\httpcore\4.4.1\httpcore-4.4.1.jar;D:\MavenRep\IciticRep\org\springframework\boot\spring-boot-starter-test\2.3.1.RELEASE\spring-boot-starter-test-2.3.1.RELEASE.jar;D:\MavenRep\IciticRep\org\springframework\boot\spring-boot-test\2.3.1.RELEASE\spring-boot-test-2.3.1.RELEASE.jar;D:\MavenRep\IciticRep\org\springframework\boot\spring-boot-test-autoconfigure\2.3.1.RELEASE\spring-boot-test-autoconfigure-2.3.1.RELEASE.jar;D:\MavenRep\IciticRep\com\jayway\jsonpath\json-path\2.4.0\json-path-2.4.0.jar;D:\MavenRep\IciticRep\net\minidev\json-smart\2.3\json-smart-2.3.jar;D:\MavenRep\IciticRep\net\minidev\accessors-smart\1.2\accessors-smart-1.2.jar;D:\MavenRep\IciticRep\org\ow2\asm\asm\5.0.4\asm-5.0.4.jar;D:\MavenRep\IciticRep\jakarta\xml\bind\jakarta.xml.bind-api\2.3.3\jakarta.xml.bind-api-2.3.3.jar;D:\MavenRep\IciticRep\jakarta\activation\jakarta.activation-api\1.2.2\jakarta.activation-api-1.2.2.jar;D:\MavenRep\IciticRep\org\assertj\assertj-core\3.16.1\assertj-core-3.16.1.jar;D:\MavenRep\IciticRep\org\hamcrest\hamcrest\2.2\hamcrest-2.2.jar;D:\MavenRep\IciticRep\org\junit\jupiter\junit-jupiter\5.6.2\junit-jupiter-5.6.2.jar;D:\MavenRep\IciticRep\org\junit\jupiter\junit-jupiter-api\5.6.2\junit-jupiter-api-5.6.2.jar;D:\MavenRep\IciticRep\org\apiguardian\apiguardian-api\1.1.0\apiguardian-api-1.1.0.jar;D:\MavenRep\IciticRep\org\opentest4j\opentest4j\1.2.0\opentest4j-1.2.0.jar;D:\MavenRep\IciticRep\org\junit\platform\junit-platform-commons\1.6.2\junit-platform-commons-1.6.2.jar;D:\MavenRep\IciticRep\org\junit\jupiter\junit-jupiter-params\5.6.2\junit-jupiter-params-5.6.2.jar;D:\MavenRep\IciticRep\org\junit\jupiter\junit-jupiter-engine\5.6.2\junit-jupiter-engine-5.6.2.jar;D:\MavenRep\IciticRep\org\junit\platform\junit-platform-engine\1.6.2\junit-platform-engine-1.6.2.jar;D:\MavenRep\IciticRep\org\mockito\mockito-core\3.3.3\mockito-core-3.3.3.jar;D:\MavenRep\IciticRep\net\bytebuddy\byte-buddy\1.10.11\byte-buddy-1.10.11.jar;D:\MavenRep\IciticRep\net\bytebuddy\byte-buddy-agent\1.10.11\byte-buddy-agent-1.10.11.jar;D:\MavenRep\IciticRep\org\objenesis\objenesis\2.6\objenesis-2.6.jar;D:\MavenRep\IciticRep\org\mockito\mockito-junit-jupiter\3.3.3\mockito-junit-jupiter-3.3.3.jar;D:\MavenRep\IciticRep\org\skyscreamer\jsonassert\1.5.0\jsonassert-1.5.0.jar;D:\MavenRep\IciticRep\com\vaadin\external\google\android-json\0.0.20131108.vaadin1\android-json-0.0.20131108.vaadin1.jar;D:\MavenRep\IciticRep\org\springframework\spring-core\5.2.7.RELEASE\spring-core-5.2.7.RELEASE.jar;D:\MavenRep\IciticRep\org\springframework\spring-jcl\5.2.7.RELEASE\spring-jcl-5.2.7.RELEASE.jar;D:\MavenRep\IciticRep\org\springframework\spring-test\5.2.7.RELEASE\spring-test-5.2.7.RELEASE.jar;D:\MavenRep\IciticRep\org\xmlunit\xmlunit-core\2.7.0\xmlunit-core-2.7.0.jar;D:\MavenRep\IciticRep\org\apache\commons\commons-lang3\3.9\commons-lang3-3.9.jar;D:\MavenRep\IciticRep\commons-lang\commons-lang\2.5\commons-lang-2.5.jar;"/>
    <property name="sun.cpu.endian" value="little"/>
    <property name="user.home" value="C:\Users\xiaofei"/>
    <property name="user.language" value="zh"/>
    <property name="java.specification.vendor" value="Oracle Corporation"/>
    <property name="idea.version2019.2.1" value="true"/>
    <property name="java.home" value="D:\develop\Java\jdk1.8.0_202\jre"/>
    <property name="basedir" value="C:\Users\xiaofei\Documents\Tencent Files\885723071\FileRecv\MobileFile\videoParse"/>
    <property name="file.separator" value="\"/>
    <property name="line.separator" value="&#10;"/>
    <property name="java.vm.specification.vendor" value="Oracle Corporation"/>
    <property name="java.specification.name" value="Java Platform API Specification"/>
    <property name="java.awt.graphicsenv" value="sun.awt.Win32GraphicsEnvironment"/>
    <property name="surefire.real.class.path" value="C:\Users\xiaofei\AppData\Local\Temp\surefire155103392532636427\surefirebooter5773954738163248799.jar"/>
    <property name="sun.boot.class.path" value="D:\develop\Java\jdk1.8.0_202\jre\lib\resources.jar;D:\develop\Java\jdk1.8.0_202\jre\lib\rt.jar;D:\develop\Java\jdk1.8.0_202\jre\lib\sunrsasign.jar;D:\develop\Java\jdk1.8.0_202\jre\lib\jsse.jar;D:\develop\Java\jdk1.8.0_202\jre\lib\jce.jar;D:\develop\Java\jdk1.8.0_202\jre\lib\charsets.jar;D:\develop\Java\jdk1.8.0_202\jre\lib\jfr.jar;D:\develop\Java\jdk1.8.0_202\jre\classes"/>
    <property name="user.script" value=""/>
    <property name="sun.management.compiler" value="HotSpot 64-Bit Tiered Compilers"/>
    <property name="java.runtime.version" value="1.8.0_202-b08"/>
    <property name="user.name" value="xiaofei"/>
    <property name="path.separator" value=";"/>
    <property name="os.version" value="10.0"/>
    <property name="java.endorsed.dirs" value="D:\develop\Java\jdk1.8.0_202\jre\lib\endorsed"/>
    <property name="java.runtime.name" value="Java(TM) SE Runtime Environment"/>
    <property name="file.encoding" value="GBK"/>
    <property name="java.vm.name" value="Java HotSpot(TM) 64-Bit Server VM"/>
    <property name="localRepository" value="D:\MavenRep\IciticRep"/>
    <property name="java.vendor.url.bug" value="http://bugreport.sun.com/bugreport/"/>
    <property name="java.io.tmpdir" value="C:\Users\xiaofei\AppData\Local\Temp\"/>
    <property name="java.version" value="1.8.0_202"/>
    <property name="user.dir" value="C:\Users\xiaofei\Documents\Tencent Files\885723071\FileRecv\MobileFile\videoParse"/>
    <property name="os.arch" value="amd64"/>
    <property name="java.vm.specification.name" value="Java Virtual Machine Specification"/>
    <property name="java.awt.printerjob" value="sun.awt.windows.WPrinterJob"/>
    <property name="sun.os.patch.level" value=""/>
    <property name="java.library.path" value="D:\develop\Java\jdk1.8.0_202\jre\bin;C:\WINDOWS\Sun\Java\bin;C:\WINDOWS\system32;C:\WINDOWS;C:\WINDOWS\system32;C:\WINDOWS;C:\WINDOWS\System32\Wbem;C:\WINDOWS\System32\WindowsPowerShell\v1.0\;C:\WINDOWS\System32\OpenSSH\;D:\develop\Java\jdk1.8.0_202\bin;C:\Users\xiaofei\AppData\Local\Microsoft\WindowsApps;."/>
    <property name="java.vm.info" value="mixed mode"/>
    <property name="java.vendor" value="Oracle Corporation"/>
    <property name="java.vm.version" value="25.202-b08"/>
    <property name="java.ext.dirs" value="D:\develop\Java\jdk1.8.0_202\jre\lib\ext;C:\WINDOWS\Sun\Java\lib\ext"/>
    <property name="sun.io.unicode.encoding" value="UnicodeLittle"/>
    <property name="maven.repo.local" value="D:\MavenRep\IciticRep"/>
    <property name="java.class.version" value="52.0"/>
  </properties>
  <testcase name="contextLoads" classname="com.dabaotv.vip.parse.ParseApplicationTests" time="0.899"/>
</testsuite>